<?xml version="1.0" encoding="UTF-8"?>
<!-- Generated by org.testng.reporters.JUnitXMLReporter -->
<testsuite hostname="ETHYDLP084" ignored="9" name="Default test" tests="2" failures="0" timestamp="27 Mar 2018 10:53:59 GMT" time="65.657" errors="0">
  <testcase name="editorLogin" time="8.961" classname="letzNavTestFrameWork.letzNavTestScripts.letzNavEditorRegression"/>
  <testcase name="testAnnouncements" time="20.65" classname="letzNavTestFrameWork.letzNavTestScripts.letzNavEditorRegression"/>
  <testcase name="preWorkFlowTest" time="0.0" classname="letzNavTestFrameWork.letzNavTestScripts.letzNavEditorRegression">
    <ignored/>
  </testcase> <!-- preWorkFlowTest -->
  <testcase name="validateLaunchers" time="0.0" classname="letzNavTestFrameWork.letzNavTestScripts.letzNavEditorRegression">
    <ignored/>
  </testcase> <!-- validateLaunchers -->
  <testcase name="preLauncherSetUp" time="0.0" classname="letzNavTestFrameWork.letzNavTestScripts.letzNavEditorRegression">
    <ignored/>
  </testcase> <!-- preLauncherSetUp -->
  <testcase name="preWorkFlowSetUp" time="0.0" classname="letzNavTestFrameWork.letzNavTestScripts.letzNavEditorRegression">
    <ignored/>
  </testcase> <!-- preWorkFlowSetUp -->
  <testcase name="validateWorkFlows" time="0.0" classname="letzNavTestFrameWork.letzNavTestScripts.letzNavEditorRegression">
    <ignored/>
  </testcase> <!-- validateWorkFlows -->
  <testcase name="postWorkFlowCreation" time="0.0" classname="letzNavTestFrameWork.letzNavTestScripts.letzNavEditorRegression">
    <ignored/>
  </testcase> <!-- postWorkFlowCreation -->
  <testcase name="preLauncherTest" time="0.0" classname="letzNavTestFrameWork.letzNavTestScripts.letzNavEditorRegression">
    <ignored/>
  </testcase> <!-- preLauncherTest -->
  <testcase name="validateNavTips" time="0.0" classname="letzNavTestFrameWork.letzNavTestScripts.letzNavEditorRegression">
    <ignored/>
  </testcase> <!-- validateNavTips -->
  <testcase name="validateValidation" time="0.0" classname="letzNavTestFrameWork.letzNavTestScripts.letzNavEditorRegression">
    <ignored/>
  </testcase> <!-- validateValidation -->
</testsuite> <!-- Default test -->
